c:\users\valdeko\source\repos\nrps\nrps\debug\nrps.pch
c:\users\valdeko\source\repos\nrps\nrps\debug\vc141.pdb
c:\users\valdeko\source\repos\nrps\nrps\debug\vc141.idb
c:\users\valdeko\source\repos\nrps\nrps\debug\stdafx.obj
c:\users\valdeko\source\repos\nrps\nrps\debug\parser.obj
c:\users\valdeko\source\repos\nrps\nrps\debug\genbankparser.obj
c:\users\valdeko\source\repos\nrps\nrps\debug\main.obj
c:\users\valdeko\source\repos\nrps\nrps\debug\parsertests.obj
c:\users\valdeko\source\repos\nrps\nrps\debug\feature.obj
c:\users\valdeko\source\repos\nrps\nrps\debug\genbankparsertests.obj
c:\users\valdeko\source\repos\nrps\nrps\debug\header.obj
c:\users\valdeko\source\repos\nrps\debug\nrps.ilk
c:\users\valdeko\source\repos\nrps\debug\nrps.exe
c:\users\valdeko\source\repos\nrps\debug\nrps.pdb
c:\users\valdeko\source\repos\nrps\nrps\debug\file.obj
c:\users\valdeko\source\repos\nrps\nrps\debug\genbankparsertests.obj.enc
c:\users\valdeko\source\repos\nrps\nrps\debug\nrps.tlog\cl.command.1.tlog
c:\users\valdeko\source\repos\nrps\nrps\debug\nrps.tlog\cl.read.1.tlog
c:\users\valdeko\source\repos\nrps\nrps\debug\nrps.tlog\cl.write.1.tlog
c:\users\valdeko\source\repos\nrps\nrps\debug\nrps.tlog\link.command.1.tlog
c:\users\valdeko\source\repos\nrps\nrps\debug\nrps.tlog\link.read.1.tlog
c:\users\valdeko\source\repos\nrps\nrps\debug\nrps.tlog\link.write.1.tlog
