c:\users\valdeko\source\repos\nrps\nrps\x64\release\nrps.pch
c:\users\valdeko\source\repos\nrps\nrps\x64\release\vc141.pdb
c:\users\valdeko\source\repos\nrps\nrps\x64\release\stdafx.obj
c:\users\valdeko\source\repos\nrps\nrps\x64\release\parsertests.obj
c:\users\valdeko\source\repos\nrps\nrps\x64\release\parser.obj
c:\users\valdeko\source\repos\nrps\nrps\x64\release\main.obj
c:\users\valdeko\source\repos\nrps\nrps\x64\release\header.obj
c:\users\valdeko\source\repos\nrps\nrps\x64\release\genbankparsertests.obj
c:\users\valdeko\source\repos\nrps\nrps\x64\release\genbankparser.obj
c:\users\valdeko\source\repos\nrps\nrps\x64\release\genbankfeature.obj
c:\users\valdeko\source\repos\nrps\nrps\x64\release\file.obj
c:\users\valdeko\source\repos\nrps\nrps\x64\release\feature.obj
c:\users\valdeko\source\repos\nrps\x64\release\nrps.ipdb
c:\users\valdeko\source\repos\nrps\x64\release\nrps.iobj
c:\users\valdeko\source\repos\nrps\x64\release\nrps.pdb
c:\users\valdeko\source\repos\nrps\x64\release\nrps.exe
c:\users\valdeko\source\repos\nrps\nrps\x64\release\nrps.tlog\cl.command.1.tlog
c:\users\valdeko\source\repos\nrps\nrps\x64\release\nrps.tlog\cl.read.1.tlog
c:\users\valdeko\source\repos\nrps\nrps\x64\release\nrps.tlog\cl.write.1.tlog
c:\users\valdeko\source\repos\nrps\nrps\x64\release\nrps.tlog\link.command.1.tlog
c:\users\valdeko\source\repos\nrps\nrps\x64\release\nrps.tlog\link.read.1.tlog
c:\users\valdeko\source\repos\nrps\nrps\x64\release\nrps.tlog\link.write.1.tlog
c:\users\valdeko\source\repos\nrps\nrps\x64\release\nrps.tlog\nrps.write.1u.tlog
